<?xml version="1.0" encoding="UTF-8"?>
<coverage generated="1741428042587" clover="3.2.0">
  <project timestamp="1741428042587" name="All files">
    <metrics statements="26" coveredstatements="19" conditionals="8" coveredconditionals="5" methods="9" coveredmethods="4" elements="43" coveredelements="28" complexity="0" loc="26" ncloc="26" packages="1" files="1" classes="1"/>
    <file name="Body.js" path="C:\Users\Rahul Bisht\Desktop\Namaste React\src\components\Body.js">
      <metrics statements="26" coveredstatements="19" conditionals="8" coveredconditionals="5" methods="9" coveredmethods="4"/>
      <line num="7" count="1" type="stmt"/>
      <line num="9" count="2" type="stmt"/>
      <line num="10" count="2" type="stmt"/>
      <line num="12" count="2" type="stmt"/>
      <line num="14" count="2" type="stmt"/>
      <line num="16" count="2" type="stmt"/>
      <line num="17" count="1" type="stmt"/>
      <line num="20" count="2" type="stmt"/>
      <line num="21" count="1" type="stmt"/>
      <line num="22" count="1" type="stmt"/>
      <line num="23" count="1" type="stmt"/>
      <line num="24" count="1" type="stmt"/>
      <line num="26" count="1" type="cond" truecount="1" falsecount="1"/>
      <line num="27" count="1" type="stmt"/>
      <line num="28" count="1" type="stmt"/>
      <line num="30" count="0" type="stmt"/>
      <line num="34" count="2" type="stmt"/>
      <line num="36" count="2" type="cond" truecount="1" falsecount="1"/>
      <line num="37" count="0" type="stmt"/>
      <line num="42" count="2" type="cond" truecount="2" falsecount="0"/>
      <line num="46" count="0" type="stmt"/>
      <line num="49" count="0" type="stmt"/>
      <line num="51" count="0" type="stmt"/>
      <line num="57" count="0" type="stmt"/>
      <line num="58" count="0" type="stmt"/>
      <line num="66" count="8" type="stmt"/>
    </file>
  </project>
</coverage>
