{"C:\\Users\\Rahul Bisht\\Desktop\\Namaste React\\src\\components\\Body.js": {"path":"C:\\Users\\Rahul Bisht\\Desktop\\Namaste React\\src\\components\\Body.js","statementMap":{"0":{"start":{"line":7,"column":13},"end":{"line":77,"column":1}},"1":{"start":{"line":9,"column":52},"end":{"line":9,"column":64}},"2":{"start":{"line":10,"column":57},"end":{"line":10,"column":69}},"3":{"start":{"line":12,"column":39},"end":{"line":12,"column":51}},"4":{"start":{"line":14,"column":35},"end":{"line":14,"column":67}},"5":{"start":{"line":16,"column":4},"end":{"line":18,"column":11}},"6":{"start":{"line":17,"column":8},"end":{"line":17,"column":20}},"7":{"start":{"line":20,"column":22},"end":{"line":32,"column":5}},"8":{"start":{"line":21,"column":6},"end":{"line":31,"column":7}},"9":{"start":{"line":22,"column":23},"end":{"line":22,"column":139}},"10":{"start":{"line":23,"column":23},"end":{"line":23,"column":40}},"11":{"start":{"line":24,"column":10},"end":{"line":24,"column":45}},"12":{"start":{"line":26,"column":30},"end":{"line":26,"column":112}},"13":{"start":{"line":27,"column":10},"end":{"line":27,"column":43}},"14":{"start":{"line":28,"column":10},"end":{"line":28,"column":46}},"15":{"start":{"line":30,"column":10},"end":{"line":30,"column":56}},"16":{"start":{"line":34,"column":25},"end":{"line":34,"column":42}},"17":{"start":{"line":36,"column":4},"end":{"line":38,"column":5}},"18":{"start":{"line":37,"column":8},"end":{"line":37,"column":86}},"19":{"start":{"line":42,"column":4},"end":{"line":76,"column":6}},"20":{"start":{"line":46,"column":121},"end":{"line":46,"column":150}},"21":{"start":{"line":49,"column":51},"end":{"line":50,"column":21}},"22":{"start":{"line":49,"column":84},"end":{"line":49,"column":146}},"23":{"start":{"line":51,"column":24},"end":{"line":51,"column":67}},"24":{"start":{"line":57,"column":40},"end":{"line":57,"column":108}},"25":{"start":{"line":57,"column":73},"end":{"line":57,"column":107}},"26":{"start":{"line":58,"column":20},"end":{"line":58,"column":57}},"27":{"start":{"line":66,"column":10},"end":{"line":72,"column":17}}},"fnMap":{"0":{"name":"(anonymous_0)","decl":{"start":{"line":7,"column":13},"end":{"line":7,"column":14}},"loc":{"start":{"line":7,"column":19},"end":{"line":77,"column":1}},"line":7},"1":{"name":"(anonymous_1)","decl":{"start":{"line":16,"column":14},"end":{"line":16,"column":15}},"loc":{"start":{"line":16,"column":20},"end":{"line":18,"column":5}},"line":16},"2":{"name":"(anonymous_2)","decl":{"start":{"line":20,"column":22},"end":{"line":20,"column":23}},"loc":{"start":{"line":20,"column":34},"end":{"line":32,"column":5}},"line":20},"3":{"name":"(anonymous_3)","decl":{"start":{"line":46,"column":113},"end":{"line":46,"column":114}},"loc":{"start":{"line":46,"column":120},"end":{"line":46,"column":151}},"line":46},"4":{"name":"(anonymous_4)","decl":{"start":{"line":47,"column":106},"end":{"line":47,"column":107}},"loc":{"start":{"line":47,"column":112},"end":{"line":52,"column":21}},"line":47},"5":{"name":"(anonymous_5)","decl":{"start":{"line":49,"column":75},"end":{"line":49,"column":76}},"loc":{"start":{"line":49,"column":84},"end":{"line":49,"column":146}},"line":49},"6":{"name":"(anonymous_6)","decl":{"start":{"line":56,"column":27},"end":{"line":56,"column":28}},"loc":{"start":{"line":56,"column":33},"end":{"line":59,"column":17}},"line":56},"7":{"name":"(anonymous_7)","decl":{"start":{"line":57,"column":64},"end":{"line":57,"column":65}},"loc":{"start":{"line":57,"column":73},"end":{"line":57,"column":107}},"line":57},"8":{"name":"(anonymous_8)","decl":{"start":{"line":65,"column":33},"end":{"line":65,"column":34}},"loc":{"start":{"line":66,"column":10},"end":{"line":72,"column":17}},"line":66}},"branchMap":{"0":{"loc":{"start":{"line":26,"column":30},"end":{"line":26,"column":112}},"type":"binary-expr","locations":[{"start":{"line":26,"column":30},"end":{"line":26,"column":106}},{"start":{"line":26,"column":110},"end":{"line":26,"column":112}}],"line":26},"1":{"loc":{"start":{"line":36,"column":4},"end":{"line":38,"column":5}},"type":"if","locations":[{"start":{"line":36,"column":4},"end":{"line":38,"column":5}},{"start":{},"end":{}}],"line":36},"2":{"loc":{"start":{"line":42,"column":11},"end":{"line":76,"column":5}},"type":"cond-expr","locations":[{"start":{"line":42,"column":43},"end":{"line":42,"column":53}},{"start":{"line":43,"column":8},"end":{"line":75,"column":14}}],"line":42},"3":{"loc":{"start":{"line":67,"column":13},"end":{"line":71,"column":13}},"type":"cond-expr","locations":[{"start":{"line":68,"column":14},"end":{"line":68,"column":64}},{"start":{"line":70,"column":14},"end":{"line":70,"column":56}}],"line":67}},"s":{"0":1,"1":2,"2":2,"3":2,"4":2,"5":2,"6":1,"7":2,"8":1,"9":1,"10":1,"11":1,"12":1,"13":1,"14":1,"15":0,"16":2,"17":2,"18":0,"19":2,"20":0,"21":0,"22":0,"23":0,"24":0,"25":0,"26":0,"27":8},"f":{"0":2,"1":1,"2":1,"3":0,"4":0,"5":0,"6":0,"7":0,"8":8},"b":{"0":[1,0],"1":[0,2],"2":[1,1],"3":[8,0]},"_coverageSchema":"1a1c01bbd47fc00a2c39e90264f33305004495a9","hash":"b6504d32980fa031666372d7afecd646f4146c5a"}
}
