TN:
SF:src\components\Body.js
FN:7,(anonymous_0)
FN:16,(anonymous_1)
FN:20,(anonymous_2)
FN:46,(anonymous_3)
FN:47,(anonymous_4)
FN:49,(anonymous_5)
FN:56,(anonymous_6)
FN:57,(anonymous_7)
FN:65,(anonymous_8)
FNF:9
FNH:4
FNDA:2,(anonymous_0)
FNDA:1,(anonymous_1)
FNDA:1,(anonymous_2)
FNDA:0,(anonymous_3)
FNDA:0,(anonymous_4)
FNDA:0,(anonymous_5)
FNDA:0,(anonymous_6)
FNDA:0,(anonymous_7)
FNDA:8,(anonymous_8)
DA:7,1
DA:9,2
DA:10,2
DA:12,2
DA:14,2
DA:16,2
DA:17,1
DA:20,2
DA:21,1
DA:22,1
DA:23,1
DA:24,1
DA:26,1
DA:27,1
DA:28,1
DA:30,0
DA:34,2
DA:36,2
DA:37,0
DA:42,2
DA:46,0
DA:49,0
DA:51,0
DA:57,0
DA:58,0
DA:66,8
LF:26
LH:19
BRDA:26,0,0,1
BRDA:26,0,1,0
BRDA:36,1,0,0
BRDA:36,1,1,2
BRDA:42,2,0,1
BRDA:42,2,1,1
BRDA:67,3,0,8
BRDA:67,3,1,0
BRF:8
BRH:5
end_of_record
